# JRE version: Java(TM) SE Runtime Environment (8.0_92-b14) (build 1.8.0_92-b14)
# Java VM: Java HotSpot(TM) Client VM (25.92-b14 mixed mode windows-x86 )
Heap:
 def new generation   total 39424K, used 26957K [0x04600000, 0x070c0000, 0x0f0a0000)
  eden space 35072K,  66% used [0x04600000, 0x05cc96d8, 0x06840000)
  from space 4352K,  83% used [0x06840000, 0x06bc9e98, 0x06c80000)
  to   space 4352K,   0% used [0x06c80000, 0x06c80000, 0x070c0000)
 tenured generation   total 87424K, used 28313K [0x0f0a0000, 0x14600000, 0x24600000)
   the space 87424K,  32% used [0x0f0a0000, 0x10c46400, 0x10c46400, 0x14600000)
 Metaspace       used 18386K, capacity 18815K, committed 18944K, reserved 19840K
GC Heap History (10 events):
Event: 3.523 GC heap before
{Heap before GC invocations=0 (full 0):
 def new generation   total 39296K, used 34944K [0x04600000, 0x070a0000, 0x0f0a0000)
  eden space 34944K, 100% used [0x04600000, 0x06820000, 0x06820000)
  from space 4352K,   0% used [0x06820000, 0x06820000, 0x06c60000)
  to   space 4352K,   0% used [0x06c60000, 0x06c60000, 0x070a0000)
 tenured generation   total 87424K, used 0K [0x0f0a0000, 0x14600000, 0x24600000)
   the space 87424K,   0% used [0x0f0a0000, 0x0f0a0000, 0x0f0a0200, 0x14600000)
 Metaspace       used 9664K, capacity 9862K, committed 9984K, reserved 10624K
Event: 3.554 GC heap after
Heap after GC invocations=1 (full 0):
 def new generation   total 39296K, used 4352K [0x04600000, 0x070a0000, 0x0f0a0000)
  eden space 34944K,   0% used [0x04600000, 0x04600000, 0x06820000)
  from space 4352K, 100% used [0x06c60000, 0x070a0000, 0x070a0000)
  to   space 4352K,   0% used [0x06820000, 0x06820000, 0x06c60000)
 tenured generation   total 87424K, used 2803K [0x0f0a0000, 0x14600000, 0x24600000)
   the space 87424K,   3% used [0x0f0a0000, 0x0f35cc10, 0x0f35ce00, 0x14600000)
 Metaspace       used 9664K, capacity 9862K, committed 9984K, reserved 10624K
}
Event: 5.195 GC heap before
{Heap before GC invocations=1 (full 0):
 def new generation   total 39296K, used 39296K [0x04600000, 0x070a0000, 0x0f0a0000)
  eden space 34944K, 100% used [0x04600000, 0x06820000, 0x06820000)
  from space 4352K, 100% used [0x06c60000, 0x070a0000, 0x070a0000)
  to   space 4352K,   0% used [0x06820000, 0x06820000, 0x06c60000)
 tenured generation   total 87424K, used 2803K [0x0f0a0000, 0x14600000, 0x24600000)
   the space 87424K,   3% used [0x0f0a0000, 0x0f35cc10, 0x0f35ce00, 0x14600000)
 Metaspace       used 11169K, capacity 11503K, committed 11520K, reserved 11648K
Event: 5.298 GC heap after
Heap after GC invocations=2 (full 0):
 def new generation   total 39296K, used 4352K [0x04600000, 0x070a0000, 0x0f0a0000)
  eden space 34944K,   0% used [0x04600000, 0x04600000, 0x06820000)
  from space 4352K, 100% used [0x06820000, 0x06c60000, 0x06c60000)
  to   space 4352K,   0% used [0x06c60000, 0x06c60000, 0x070a0000)
 tenured generation   total 87424K, used 12119K [0x0f0a0000, 0x14600000, 0x24600000)
   the space 87424K,  13% used [0x0f0a0000, 0x0fc75f98, 0x0fc76000, 0x14600000)
 Metaspace       used 11169K, capacity 11503K, committed 11520K, reserved 11648K
}
Event: 7.183 GC heap before
{Heap before GC invocations=2 (full 0):
 def new generation   total 39296K, used 18888K [0x04600000, 0x070a0000, 0x0f0a0000)
  eden space 34944K,  41% used [0x04600000, 0x05432368, 0x06820000)
  from space 4352K, 100% used [0x06820000, 0x06c60000, 0x06c60000)
  to   space 4352K,   0% used [0x06c60000, 0x06c60000, 0x070a0000)
 tenured generation   total 87424K, used 12119K [0x0f0a0000, 0x14600000, 0x24600000)
   the space 87424K,  13% used [0x0f0a0000, 0x0fc75f98, 0x0fc76000, 0x14600000)
 Metaspace       used 11923K, capacity 12262K, committed 12288K, reserved 12672K
Event: 7.275 GC heap after
Heap after GC invocations=3 (full 1):
 def new generation   total 39424K, used 0K [0x04600000, 0x070c0000, 0x0f0a0000)
  eden space 35072K,   0% used [0x04600000, 0x04600000, 0x06840000)
  from space 4352K,   0% used [0x06840000, 0x06840000, 0x06c80000)
  to   space 4352K,   0% used [0x06c80000, 0x06c80000, 0x070c0000)
 tenured generation   total 87424K, used 17739K [0x0f0a0000, 0x14600000, 0x24600000)
   the space 87424K,  20% used [0x0f0a0000, 0x101f2eb8, 0x101f3000, 0x14600000)
 Metaspace       used 11923K, capacity 12262K, committed 12288K, reserved 12672K
}
Event: 10.187 GC heap before
{Heap before GC invocations=3 (full 1):
 def new generation   total 39424K, used 35072K [0x04600000, 0x070c0000, 0x0f0a0000)
  eden space 35072K, 100% used [0x04600000, 0x06840000, 0x06840000)
  from space 4352K,   0% used [0x06840000, 0x06840000, 0x06c80000)
  to   space 4352K,   0% used [0x06c80000, 0x06c80000, 0x070c0000)
 tenured generation   total 87424K, used 17739K [0x0f0a0000, 0x14600000, 0x24600000)
   the space 87424K,  20% used [0x0f0a0000, 0x101f2eb8, 0x101f3000, 0x14600000)
 Metaspace       used 17308K, capacity 17729K, committed 17792K, reserved 17792K
Event: 10.229 GC heap after
Heap after GC invocations=4 (full 1):
 def new generation   total 39424K, used 4352K [0x04600000, 0x070c0000, 0x0f0a0000)
  eden space 35072K,   0% used [0x04600000, 0x04600000, 0x06840000)
  from space 4352K, 100% used [0x06c80000, 0x070c0000, 0x070c0000)
  to   space 4352K,   0% used [0x06840000, 0x06840000, 0x06c80000)
 tenured generation   total 87424K, used 20831K [0x0f0a0000, 0x14600000, 0x24600000)
   the space 87424K,  23% used [0x0f0a0000, 0x104f7e28, 0x104f8000, 0x14600000)
 Metaspace       used 17308K, capacity 17729K, committed 17792K, reserved 17792K
}
Event: 490.969 GC heap before
{Heap before GC invocations=4 (full 1):
 def new generation   total 39424K, used 39424K [0x04600000, 0x070c0000, 0x0f0a0000)
  eden space 35072K, 100% used [0x04600000, 0x06840000, 0x06840000)
  from space 4352K, 100% used [0x06c80000, 0x070c0000, 0x070c0000)
  to   space 4352K,   0% used [0x06840000, 0x06840000, 0x06c80000)
 tenured generation   total 87424K, used 20831K [0x0f0a0000, 0x14600000, 0x24600000)
   the space 87424K,  23% used [0x0f0a0000, 0x104f7e28, 0x104f8000, 0x14600000)
 Metaspace       used 18297K, capacity 18716K, committed 18816K, reserved 18816K
Event: 491.022 GC heap after
Heap after GC invocations=5 (full 1):
 def new generation   total 39424K, used 3623K [0x04600000, 0x070c0000, 0x0f0a0000)
  eden space 35072K,   0% used [0x04600000, 0x04600000, 0x06840000)
  from space 4352K,  83% used [0x06840000, 0x06bc9e98, 0x06c80000)
  to   space 4352K,   0% used [0x06c80000, 0x06c80000, 0x070c0000)
 tenured generation   total 87424K, used 28313K [0x0f0a0000, 0x14600000, 0x24600000)
   the space 87424K,  32% used [0x0f0a0000, 0x10c46400, 0x10c46400, 0x14600000)
 Metaspace       used 18297K, capacity 18716K, committed 18816K, reserved 18816K
}

